{
  "stats": {
    "suites": 3,
    "tests": 3,
    "passes": 3,
    "pending": 0,
    "failures": 0,
    "start": "2022-09-21T16:40:21.199Z",
    "end": "2022-09-21T16:40:43.383Z",
    "duration": 9996,
    "testsRegistered": 3,
    "passPercent": 100,
    "pendingPercent": 0,
    "other": 0,
    "hasOther": false,
    "skipped": 0,
    "hasSkipped": false
  },
  "results": [
    {
      "uuid": "dbc18add-c712-40ae-90a6-8cdc46bf9b53",
      "title": "",
      "fullFile": "cypress/integration/e2e/login.js",
      "file": "cypress/integration/e2e/login.js",
      "beforeHooks": [],
      "afterHooks": [],
      "tests": [],
      "suites": [
        {
          "uuid": "966d769b-e707-4194-b990-a53b22422c20",
          "title": "",
          "fullFile": "",
          "file": "",
          "beforeHooks": [],
          "afterHooks": [],
          "tests": [
            {
              "title": "",
              "fullTitle": " ",
              "timedOut": null,
              "duration": 3152,
              "state": "passed",
              "speed": "slow",
              "pass": true,
              "fail": false,
              "pending": false,
              "context": null,
              "code": "cy.visit(\"https://opensource-demo.orangehrmlive.com/web/index.php/auth/login\");\ncy.get(':nth-child(2) > .oxd-input-group > :nth-child(2) > .oxd-input').type('Admin');\ncy.get(':nth-child(3) > .oxd-input-group > :nth-child(2) > .oxd-input').type('admin123');\ncy.get('.oxd-button').click();",
              "err": {},
              "uuid": "9a921d9e-b267-42fb-b9d4-896ca8a7e9e0",
              "parentUUID": "966d769b-e707-4194-b990-a53b22422c20",
              "isHook": false,
              "skipped": false
            }
          ],
          "suites": [],
          "passes": [
            "9a921d9e-b267-42fb-b9d4-896ca8a7e9e0"
          ],
          "failures": [],
          "pending": [],
          "skipped": [],
          "duration": 3152,
          "root": false,
          "rootEmpty": false,
          "_timeout": 2000
        }
      ],
      "passes": [],
      "failures": [],
      "pending": [],
      "skipped": [],
      "duration": 0,
      "root": true,
      "rootEmpty": true,
      "_timeout": 2000
    },
    {
      "uuid": "1a2fd97f-c09a-42e9-87c1-5ccd17382464",
      "title": "",
      "fullFile": "cypress/integration/e2e/login1.js",
      "file": "cypress/integration/e2e/login1.js",
      "beforeHooks": [],
      "afterHooks": [],
      "tests": [],
      "suites": [
        {
          "uuid": "4a2eda82-76df-42dc-aaaf-ce48ef7862a6",
          "title": "",
          "fullFile": "",
          "file": "",
          "beforeHooks": [],
          "afterHooks": [],
          "tests": [
            {
              "title": "",
              "fullTitle": " ",
              "timedOut": null,
              "duration": 3639,
              "state": "passed",
              "speed": "slow",
              "pass": true,
              "fail": false,
              "pending": false,
              "context": null,
              "code": "cy.visit(\"https://opensource-demo.orangehrmlive.com/web/index.php/auth/login\");\ncy.get(':nth-child(2) > .oxd-input-group > :nth-child(2) > .oxd-input').type('Admin');\ncy.get(':nth-child(3) > .oxd-input-group > :nth-child(2) > .oxd-input').type('admin123');\ncy.get('.oxd-button').click();",
              "err": {},
              "uuid": "86acf2f1-6001-4cbf-af63-7f7f467535be",
              "parentUUID": "4a2eda82-76df-42dc-aaaf-ce48ef7862a6",
              "isHook": false,
              "skipped": false
            }
          ],
          "suites": [],
          "passes": [
            "86acf2f1-6001-4cbf-af63-7f7f467535be"
          ],
          "failures": [],
          "pending": [],
          "skipped": [],
          "duration": 3639,
          "root": false,
          "rootEmpty": false,
          "_timeout": 2000
        }
      ],
      "passes": [],
      "failures": [],
      "pending": [],
      "skipped": [],
      "duration": 0,
      "root": true,
      "rootEmpty": true,
      "_timeout": 2000
    },
    {
      "uuid": "9344d799-1c3a-4522-b71b-1bb1e79d26b5",
      "title": "",
      "fullFile": "cypress/integration/e2e/login2.js",
      "file": "cypress/integration/e2e/login2.js",
      "beforeHooks": [],
      "afterHooks": [],
      "tests": [],
      "suites": [
        {
          "uuid": "3e85f665-1cf3-4acf-8f9f-87983bc01795",
          "title": "",
          "fullFile": "",
          "file": "",
          "beforeHooks": [],
          "afterHooks": [],
          "tests": [
            {
              "title": "",
              "fullTitle": " ",
              "timedOut": null,
              "duration": 3205,
              "state": "passed",
              "speed": "slow",
              "pass": true,
              "fail": false,
              "pending": false,
              "context": null,
              "code": "cy.visit(\"https://opensource-demo.orangehrmlive.com/web/index.php/auth/login\");\ncy.get(':nth-child(2) > .oxd-input-group > :nth-child(2) > .oxd-input').type('Admin');\ncy.get(':nth-child(3) > .oxd-input-group > :nth-child(2) > .oxd-input').type('admin123');\ncy.get('.oxd-button').click();",
              "err": {},
              "uuid": "8dec7f55-0475-4f7a-be94-3ddd4b8dd226",
              "parentUUID": "3e85f665-1cf3-4acf-8f9f-87983bc01795",
              "isHook": false,
              "skipped": false
            }
          ],
          "suites": [],
          "passes": [
            "8dec7f55-0475-4f7a-be94-3ddd4b8dd226"
          ],
          "failures": [],
          "pending": [],
          "skipped": [],
          "duration": 3205,
          "root": false,
          "rootEmpty": false,
          "_timeout": 2000
        }
      ],
      "passes": [],
      "failures": [],
      "pending": [],
      "skipped": [],
      "duration": 0,
      "root": true,
      "rootEmpty": true,
      "_timeout": 2000
    }
  ],
  "meta": {
    "mocha": {
      "version": "7.0.1"
    },
    "mochawesome": {
      "options": {
        "quiet": false,
        "reportFilename": "mochawesome",
        "saveHtml": false,
        "saveJson": true,
        "consoleReporter": "spec",
        "useInlineDiffs": false,
        "code": true
      },
      "version": "7.1.3"
    },
    "marge": {
      "options": {
        "charts": true,
        "overwrite": false,
        "html": false,
        "json": true,
        "reportDir": "cypress/report"
      },
      "version": "6.2.0"
    }
  }
}